<?xml version="1.0" encoding="UTF-8"?>
<!-- Generated by org.testng.reporters.JUnitXMLReporter -->
<testsuite ignored="0" hostname="Rushikesh" failures="1" tests="6" name="Test" time="2.202" errors="0" timestamp="2023-03-17T21:26:16 IST">
  <testcase classname="com.loginPageTest.LoginPageFunctionaltyTest" name="setup" time="2.148">
    <failure type="org.openqa.selenium.remote.http.ConnectionFailedException" message="Unable to establish websocket connection to http://localhost:53392/devtools/browser/96c39185-b4cf-4b05-a74d-5211928d95fd
Build info: version: &amp;apos;4.2.1&amp;apos;, revision: &amp;apos;ac4d0fdd4a&amp;apos;
System info: host: &amp;apos;RUSHIKESH&amp;apos;, ip: &amp;apos;192.168.112.143&amp;apos;, os.name: &amp;apos;Windows 11&amp;apos;, os.arch: &amp;apos;amd64&amp;apos;, os.version: &amp;apos;10.0&amp;apos;, java.version: &amp;apos;18.0.1&amp;apos;
Driver info: driver.version: ChromeDriver">
      <![CDATA[org.openqa.selenium.remote.http.ConnectionFailedException: Unable to establish websocket connection to http://localhost:53392/devtools/browser/96c39185-b4cf-4b05-a74d-5211928d95fd
Build info: version: '4.2.1', revision: 'ac4d0fdd4a'
System info: host: 'RUSHIKESH', ip: '192.168.112.143', os.name: 'Windows 11', os.arch: 'amd64', os.version: '10.0', java.version: '18.0.1'
Driver info: driver.version: ChromeDriver
at org.openqa.selenium.remote.http.netty.NettyWebSocket.<init>(NettyWebSocket.java:102)
at org.openqa.selenium.remote.http.netty.NettyWebSocket.lambda$create$3(NettyWebSocket.java:128)
at org.openqa.selenium.remote.http.netty.NettyClient.openSocket(NettyClient.java:106)
at org.openqa.selenium.devtools.Connection.<init>(Connection.java:77)
at org.openqa.selenium.chromium.ChromiumDriver.lambda$new$2(ChromiumDriver.java:122)
at java.base/java.util.Optional.map(Optional.java:260)
at org.openqa.selenium.chromium.ChromiumDriver.<init>(ChromiumDriver.java:120)
at org.openqa.selenium.chrome.ChromeDriver.<init>(ChromeDriver.java:106)
at org.openqa.selenium.chrome.ChromeDriver.<init>(ChromeDriver.java:93)
at org.openqa.selenium.chrome.ChromeDriver.<init>(ChromeDriver.java:48)
at com.baseLayer.baseLayerTestNG.starting(baseLayerTestNG.java:16)
at com.loginPageTest.LoginPageFunctionaltyTest.setup(LoginPageFunctionaltyTest.java:14)
at java.base/java.util.ArrayList.forEach(ArrayList.java:1511)
... Removed 25 stack frames]]>
    </failure>
  </testcase> <!-- setup -->
  <testcase classname="com.loginPageTest.LoginPageFunctionaltyTest" name="testTitle" time="0.0">
    <skipped/>
  </testcase> <!-- testTitle -->
  <testcase classname="com.loginPageTest.LoginPageFunctionaltyTest" name="testURL" time="0.0">
    <skipped/>
  </testcase> <!-- testURL -->
  <testcase classname="com.loginPageTest.LoginPageFunctionaltyTest" name="testlogo1Display" time="0.0">
    <skipped/>
  </testcase> <!-- testlogo1Display -->
  <testcase classname="com.loginPageTest.LoginPageFunctionaltyTest" name="testlogo2Display" time="0.0">
    <skipped/>
  </testcase> <!-- testlogo2Display -->
  <testcase classname="com.loginPageTest.LoginPageFunctionaltyTest" name="testLoginFunctionality" time="0.0">
    <skipped/>
  </testcase> <!-- testLoginFunctionality -->
</testsuite> <!-- Test -->
